# JRE version: OpenJDK Runtime Environment (11.0.10) (build 11.0.10+0-b96-7249189)
# Java VM: OpenJDK 64-Bit Server VM (11.0.10+0-b96-7249189, mixed mode, tiered, compressed oops, g1 gc, windows-amd64)
Heap:
 garbage-first heap   total 262144K, used 202240K [0x0000000080000000, 0x0000000100000000)
  region size 1024K, 10 young (10240K), 5 survivors (5120K)
 Metaspace       used 95279K, capacity 97695K, committed 97920K, reserved 1134592K
  class space    used 12501K, capacity 13402K, committed 13440K, reserved 1048576K
GC Heap History (20 events):
Event: 6.842 GC heap before
{Heap before GC invocations=8 (full 0):
 garbage-first heap   total 258048K, used 76816K [0x0000000080000000, 0x0000000100000000)
  region size 1024K, 46 young (47104K), 17 survivors (17408K)
 Metaspace       used 58611K, capacity 60062K, committed 60160K, reserved 1101824K
  class space    used 7436K, capacity 8021K, committed 8064K, reserved 1048576K
}
Event: 6.862 GC heap after
{Heap after GC invocations=9 (full 0):
 garbage-first heap   total 258048K, used 51115K [0x0000000080000000, 0x0000000100000000)
  region size 1024K, 3 young (3072K), 3 survivors (3072K)
 Metaspace       used 58611K, capacity 60062K, committed 60160K, reserved 1101824K
  class space    used 7436K, capacity 8021K, committed 8064K, reserved 1048576K
}
Event: 7.756 GC heap before
{Heap before GC invocations=10 (full 0):
 garbage-first heap   total 258048K, used 142251K [0x0000000080000000, 0x0000000100000000)
  region size 1024K, 92 young (94208K), 3 survivors (3072K)
 Metaspace       used 65914K, capacity 67421K, committed 67584K, reserved 1107968K
  class space    used 8367K, capacity 8941K, committed 8960K, reserved 1048576K
}
Event: 7.764 GC heap after
{Heap after GC invocations=11 (full 0):
 garbage-first heap   total 258048K, used 56863K [0x0000000080000000, 0x0000000100000000)
  region size 1024K, 9 young (9216K), 9 survivors (9216K)
 Metaspace       used 65914K, capacity 67421K, committed 67584K, reserved 1107968K
  class space    used 8367K, capacity 8941K, committed 8960K, reserved 1048576K
}
Event: 8.662 GC heap before
{Heap before GC invocations=12 (full 0):
 garbage-first heap   total 258048K, used 153119K [0x0000000080000000, 0x0000000100000000)
  region size 1024K, 103 young (105472K), 9 survivors (9216K)
 Metaspace       used 75157K, capacity 76792K, committed 77056K, reserved 1116160K
  class space    used 9764K, capacity 10393K, committed 10496K, reserved 1048576K
}
Event: 8.670 GC heap after
{Heap after GC invocations=13 (full 0):
 garbage-first heap   total 258048K, used 62961K [0x0000000080000000, 0x0000000100000000)
  region size 1024K, 7 young (7168K), 7 survivors (7168K)
 Metaspace       used 75157K, capacity 76792K, committed 77056K, reserved 1116160K
  class space    used 9764K, capacity 10393K, committed 10496K, reserved 1048576K
}
Event: 9.652 GC heap before
{Heap before GC invocations=13 (full 0):
 garbage-first heap   total 258048K, used 165361K [0x0000000080000000, 0x0000000100000000)
  region size 1024K, 104 young (106496K), 7 survivors (7168K)
 Metaspace       used 83037K, capacity 85020K, committed 85376K, reserved 1122304K
  class space    used 10811K, capacity 11546K, committed 11648K, reserved 1048576K
}
Event: 9.661 GC heap after
{Heap after GC invocations=14 (full 0):
 garbage-first heap   total 258048K, used 70102K [0x0000000080000000, 0x0000000100000000)
  region size 1024K, 13 young (13312K), 13 survivors (13312K)
 Metaspace       used 83037K, capacity 85020K, committed 85376K, reserved 1122304K
  class space    used 10811K, capacity 11546K, committed 11648K, reserved 1048576K
}
Event: 10.271 GC heap before
{Heap before GC invocations=14 (full 0):
 garbage-first heap   total 258048K, used 171478K [0x0000000080000000, 0x0000000100000000)
  region size 1024K, 113 young (115712K), 13 survivors (13312K)
 Metaspace       used 84646K, capacity 86739K, committed 86912K, reserved 1124352K
  class space    used 10996K, capacity 11801K, committed 11904K, reserved 1048576K
}
Event: 10.281 GC heap after
{Heap after GC invocations=15 (full 0):
 garbage-first heap   total 258048K, used 76801K [0x0000000080000000, 0x0000000100000000)
  region size 1024K, 14 young (14336K), 14 survivors (14336K)
 Metaspace       used 84646K, capacity 86739K, committed 86912K, reserved 1124352K
  class space    used 10996K, capacity 11801K, committed 11904K, reserved 1048576K
}
Event: 10.718 GC heap before
{Heap before GC invocations=15 (full 0):
 garbage-first heap   total 258048K, used 179201K [0x0000000080000000, 0x0000000100000000)
  region size 1024K, 115 young (117760K), 14 survivors (14336K)
 Metaspace       used 87071K, capacity 89325K, committed 89472K, reserved 1126400K
  class space    used 11260K, capacity 12101K, committed 12160K, reserved 1048576K
}
Event: 10.728 GC heap after
{Heap after GC invocations=16 (full 0):
 garbage-first heap   total 258048K, used 82098K [0x0000000080000000, 0x0000000100000000)
  region size 1024K, 12 young (12288K), 12 survivors (12288K)
 Metaspace       used 87071K, capacity 89325K, committed 89472K, reserved 1126400K
  class space    used 11260K, capacity 12101K, committed 12160K, reserved 1048576K
}
Event: 11.188 GC heap before
{Heap before GC invocations=16 (full 0):
 garbage-first heap   total 258048K, used 232626K [0x0000000080000000, 0x0000000100000000)
  region size 1024K, 115 young (117760K), 12 survivors (12288K)
 Metaspace       used 92695K, capacity 95014K, committed 95104K, reserved 1132544K
  class space    used 11992K, capacity 12888K, committed 12928K, reserved 1048576K
}
Event: 11.202 GC heap after
{Heap after GC invocations=17 (full 0):
 garbage-first heap   total 262144K, used 128167K [0x0000000080000000, 0x0000000100000000)
  region size 1024K, 15 young (15360K), 15 survivors (15360K)
 Metaspace       used 92695K, capacity 95014K, committed 95104K, reserved 1132544K
  class space    used 11992K, capacity 12888K, committed 12928K, reserved 1048576K
}
Event: 11.598 GC heap before
{Heap before GC invocations=17 (full 0):
 garbage-first heap   total 262144K, used 203943K [0x0000000080000000, 0x0000000100000000)
  region size 1024K, 88 young (90112K), 15 survivors (15360K)
 Metaspace       used 95075K, capacity 97486K, committed 97664K, reserved 1134592K
  class space    used 12499K, capacity 13402K, committed 13440K, reserved 1048576K
}
Event: 11.632 GC heap after
{Heap after GC invocations=18 (full 0):
 garbage-first heap   total 262144K, used 156665K [0x0000000080000000, 0x0000000100000000)
  region size 1024K, 11 young (11264K), 11 survivors (11264K)
 Metaspace       used 95075K, capacity 97486K, committed 97664K, reserved 1134592K
  class space    used 12499K, capacity 13402K, committed 13440K, reserved 1048576K
}
Event: 11.814 GC heap before
{Heap before GC invocations=18 (full 0):
 garbage-first heap   total 262144K, used 204793K [0x0000000080000000, 0x0000000100000000)
  region size 1024K, 58 young (59392K), 11 survivors (11264K)
 Metaspace       used 95260K, capacity 97695K, committed 97920K, reserved 1134592K
  class space    used 12501K, capacity 13402K, committed 13440K, reserved 1048576K
}
Event: 11.853 GC heap after
{Heap after GC invocations=19 (full 0):
 garbage-first heap   total 262144K, used 182784K [0x0000000080000000, 0x0000000100000000)
  region size 1024K, 8 young (8192K), 8 survivors (8192K)
 Metaspace       used 95260K, capacity 97695K, committed 97920K, reserved 1134592K
  class space    used 12501K, capacity 13402K, committed 13440K, reserved 1048576K
}
Event: 11.995 GC heap before
{Heap before GC invocations=19 (full 0):
 garbage-first heap   total 262144K, used 211456K [0x0000000080000000, 0x0000000100000000)
  region size 1024K, 36 young (36864K), 8 survivors (8192K)
 Metaspace       used 95278K, capacity 97695K, committed 97920K, reserved 1134592K
  class space    used 12501K, capacity 13402K, committed 13440K, reserved 1048576K
}
Event: 12.014 GC heap after
{Heap after GC invocations=20 (full 0):
 garbage-first heap   total 262144K, used 198144K [0x0000000080000000, 0x0000000100000000)
  region size 1024K, 5 young (5120K), 5 survivors (5120K)
 Metaspace       used 95278K, capacity 97695K, committed 97920K, reserved 1134592K
  class space    used 12501K, capacity 13402K, committed 13440K, reserved 1048576K
}

